<?xml version="1.0" encoding="UTF-8"?>
<!-- Generated by org.testng.reporters.JUnitReportReporter -->
<testsuite hostname="TABLET-MFSEJGSN" failures="0" tests="2" name="testNGConcepts.AnnotationsBasics1" time="0.010" errors="0" timestamp="2023-11-28T12:41:31 CST" skipped="0">
  <testcase classname="testNGConcepts.AnnotationsBasics1" name="cde" time="0.002"/>
  <testcase classname="testNGConcepts.AnnotationsBasics1" name="abc" time="0.008"/>
</testsuite> <!-- testNGConcepts.AnnotationsBasics1 -->
