<?xml version="1.0" encoding="UTF-8"?>
<!-- Generated by org.testng.reporters.JUnitReportReporter -->
<testsuite hostname="TABLET-MFSEJGSN" failures="0" tests="1" name="testNGConcepts.FirstTestNGClass" time="4.236" errors="0" timestamp="2023-11-28T12:41:31 CST" skipped="0">
  <testcase classname="testNGConcepts.FirstTestNGClass" name="f" time="4.236"/>
</testsuite> <!-- testNGConcepts.FirstTestNGClass -->
