<?xml version="1.0" encoding="UTF-8"?>
<!-- Generated by org.testng.reporters.JUnitReportReporter -->
<testsuite hostname="TABLET-MFSEJGSN" failures="0" tests="1" name="testNGConcepts.FB_loginTestNG" time="1.751" errors="0" timestamp="2023-11-28T13:06:36 CST" skipped="0">
  <testcase classname="testNGConcepts.FB_loginTestNG" name="login" time="1.751"/>
</testsuite> <!-- testNGConcepts.FB_loginTestNG -->
