<?xml version="1.0" encoding="UTF-8"?>
<!-- Generated by org.testng.reporters.JUnitReportReporter -->
<testsuite hostname="TABLET-MFSEJGSN" failures="0" tests="2" name="testNGConcepts.AnnotationBasics2" time="0.003" errors="0" timestamp="2023-11-28T12:41:31 CST" skipped="0">
  <testcase classname="testNGConcepts.AnnotationBasics2" name="first" time="0.002"/>
  <testcase classname="testNGConcepts.AnnotationBasics2" name="last" time="0.001"/>
</testsuite> <!-- testNGConcepts.AnnotationBasics2 -->
